Build started 10/24/2016 5:45:18 PM.
     1>Project "C:\Users\brann\Documents\program2\cs308_program2\cs308_program2.vcxproj" on node 2 (rebuild target(s)).
     1>_PrepareForClean:
         Deleting file "Debug\cs308_program2.lastbuildstate".
       InitializeBuildStatus:
         Creating "Debug\cs308_program2.unsuccessfulbuild" because "AlwaysCreate" was specified.
       _MASM:
         Assembling [Inputs]...
         cmd.exe /C "C:\Users\brann\AppData\Local\Temp\tmp3f32feb82df24b1b8571050c3d8dd569.cmd"
         ml.exe /c /nologo /Zi /Fo"Debug\example.obj" /W3 /errorReport:prompt /Fl /Taexample.asm
       _MASM:
         Assembling [Inputs]...
         cmd.exe /C "C:\Users\brann\AppData\Local\Temp\tmpe364644dd5bd4362a6da100d09267c13.cmd"
         ml.exe /c /nologo /Zi /Fo"Debug\io.obj" /W3 /errorReport:prompt /Fl /Taio.asm
       ClCompile:
         c:\Program Files (x86)\Microsoft Visual Studio 10.0\VC\bin\CL.exe /c /ZI /nologo /W3 /WX- /Od /Oy- /D WIN32 /D _DEBUG /D _WINDOWS /Gm /EHsc /RTC1 /MDd /GS /fp:precise /Zc:wchar_t /Zc:forScope /FAcs /Fa"Debug\\" /Fo"Debug\\" /Fd"Debug\vc100.pdb" /Gd /TC /showIncludes /analyze- /errorReport:prompt framework.c
         framework.c
         Note: including file: c:\Program Files (x86)\Microsoft SDKs\Windows\v7.0A\include\windows.h
         Note: including file:  c:\Program Files (x86)\Microsoft SDKs\Windows\v7.0A\include\sdkddkver.h
         Note: including file:  c:\Program Files (x86)\Microsoft Visual Studio 10.0\VC\include\excpt.h
         Note: including file:   c:\Program Files (x86)\Microsoft Visual Studio 10.0\VC\include\crtdefs.h
         Note: including file:    c:\Program Files (x86)\Microsoft Visual Studio 10.0\VC\include\sal.h
         Note: including file:     c:\program files (x86)\microsoft visual studio 10.0\vc\include\codeanalysis\sourceannotations.h
         Note: including file:    c:\Program Files (x86)\Microsoft Visual Studio 10.0\VC\include\vadefs.h
         Note: including file:  c:\Program Files (x86)\Microsoft Visual Studio 10.0\VC\include\stdarg.h
         Note: including file:  c:\Program Files (x86)\Microsoft SDKs\Windows\v7.0A\include\windef.h
         Note: including file:   c:\Program Files (x86)\Microsoft SDKs\Windows\v7.0A\include\winnt.h
         Note: including file:    c:\Program Files (x86)\Microsoft Visual Studio 10.0\VC\include\ctype.h
         Note: including file:     c:\Program Files (x86)\Microsoft Visual Studio 10.0\VC\include\crtdefs.h
         Note: including file:    c:\Program Files (x86)\Microsoft SDKs\Windows\v7.0A\include\specstrings.h
         Note: including file:     c:\program files (x86)\microsoft sdks\windows\v7.0a\include\sal_supp.h
         Note: including file:     c:\program files (x86)\microsoft sdks\windows\v7.0a\include\specstrings_supp.h
         Note: including file:     c:\Program Files (x86)\Microsoft SDKs\Windows\v7.0A\include\specstrings_strict.h
         Note: including file:      c:\Program Files (x86)\Microsoft SDKs\Windows\v7.0A\include\specstrings_undef.h
         Note: including file:     c:\Program Files (x86)\Microsoft SDKs\Windows\v7.0A\include\driverspecs.h
         Note: including file:      c:\program files (x86)\microsoft sdks\windows\v7.0a\include\sdv_driverspecs.h
         Note: including file:    c:\Program Files (x86)\Microsoft SDKs\Windows\v7.0A\include\kernelspecs.h
         Note: including file:    c:\Program Files (x86)\Microsoft SDKs\Windows\v7.0A\include\basetsd.h
         Note: including file:    c:\Program Files (x86)\Microsoft SDKs\Windows\v7.0A\include\guiddef.h
         Note: including file:     c:\Program Files (x86)\Microsoft Visual Studio 10.0\VC\include\string.h
         Note: including file:      c:\Program Files (x86)\Microsoft Visual Studio 10.0\VC\include\crtdefs.h
         Note: including file:    c:\program files (x86)\microsoft sdks\windows\v7.0a\include\pshpack4.h
         Note: including file:    c:\program files (x86)\microsoft sdks\windows\v7.0a\include\poppack.h
         Note: including file:    c:\program files (x86)\microsoft sdks\windows\v7.0a\include\pshpack4.h
         Note: including file:    c:\program files (x86)\microsoft sdks\windows\v7.0a\include\poppack.h
         Note: including file:    c:\Program Files (x86)\Microsoft SDKs\Windows\v7.0A\include\pshpack4.h
         Note: including file:    c:\Program Files (x86)\Microsoft SDKs\Windows\v7.0A\include\poppack.h
         Note: including file:    c:\program files (x86)\microsoft sdks\windows\v7.0a\include\pshpack4.h
         Note: including file:    c:\program files (x86)\microsoft sdks\windows\v7.0a\include\pshpack2.h
         Note: including file:    c:\program files (x86)\microsoft sdks\windows\v7.0a\include\poppack.h
         Note: including file:    c:\program files (x86)\microsoft sdks\windows\v7.0a\include\pshpack2.h
         Note: including file:    c:\Program Files (x86)\Microsoft SDKs\Windows\v7.0A\include\pshpack2.h
         Note: including file:    c:\Program Files (x86)\Microsoft SDKs\Windows\v7.0A\include\poppack.h
         Note: including file:    c:\program files (x86)\microsoft sdks\windows\v7.0a\include\poppack.h
         Note: including file:    c:\program files (x86)\microsoft sdks\windows\v7.0a\include\pshpack8.h
         Note: including file:    c:\program files (x86)\microsoft sdks\windows\v7.0a\include\poppack.h
         Note: including file:    c:\program files (x86)\microsoft sdks\windows\v7.0a\include\poppack.h
         Note: including file:    c:\Program Files (x86)\Microsoft SDKs\Windows\v7.0A\include\ktmtypes.h
         Note: including file:  c:\Program Files (x86)\Microsoft SDKs\Windows\v7.0A\include\winbase.h
         Note: including file:   c:\Program Files (x86)\Microsoft SDKs\Windows\v7.0A\include\winerror.h
         Note: including file:  c:\Program Files (x86)\Microsoft SDKs\Windows\v7.0A\include\wingdi.h
         Note: including file:   c:\Program Files (x86)\Microsoft SDKs\Windows\v7.0A\include\pshpack1.h
         Note: including file:   c:\Program Files (x86)\Microsoft SDKs\Windows\v7.0A\include\poppack.h
         Note: including file:   c:\Program Files (x86)\Microsoft SDKs\Windows\v7.0A\include\pshpack2.h
         Note: including file:   c:\Program Files (x86)\Microsoft SDKs\Windows\v7.0A\include\poppack.h
         Note: including file:   c:\Program Files (x86)\Microsoft SDKs\Windows\v7.0A\include\pshpack2.h
         Note: including file:   c:\Program Files (x86)\Microsoft SDKs\Windows\v7.0A\include\poppack.h
         Note: including file:   c:\Program Files (x86)\Microsoft SDKs\Windows\v7.0A\include\pshpack4.h
         Note: including file:   c:\Program Files (x86)\Microsoft SDKs\Windows\v7.0A\include\poppack.h
         Note: including file:   c:\Program Files (x86)\Microsoft SDKs\Windows\v7.0A\include\pshpack4.h
         Note: including file:   c:\Program Files (x86)\Microsoft SDKs\Windows\v7.0A\include\poppack.h
         Note: including file:  c:\Program Files (x86)\Microsoft SDKs\Windows\v7.0A\include\winuser.h
         Note: including file:   c:\Program Files (x86)\Microsoft SDKs\Windows\v7.0A\include\pshpack2.h
         Note: including file:   c:\Program Files (x86)\Microsoft SDKs\Windows\v7.0A\include\poppack.h
         Note: including file:   c:\Program Files (x86)\Microsoft SDKs\Windows\v7.0A\include\tvout.h
         Note: including file:  c:\Program Files (x86)\Microsoft SDKs\Windows\v7.0A\include\winnls.h
         Note: including file:  c:\Program Files (x86)\Microsoft SDKs\Windows\v7.0A\include\wincon.h
         Note: including file:  c:\Program Files (x86)\Microsoft SDKs\Windows\v7.0A\include\winver.h
         Note: including file:   c:\Program Files (x86)\Microsoft SDKs\Windows\v7.0A\include\verrsrc.h
         Note: including file:  c:\Program Files (x86)\Microsoft SDKs\Windows\v7.0A\include\winreg.h
         Note: including file:   c:\Program Files (x86)\Microsoft SDKs\Windows\v7.0A\include\reason.h
         Note: including file:  c:\Program Files (x86)\Microsoft SDKs\Windows\v7.0A\include\winnetwk.h
         Note: including file:   c:\Program Files (x86)\Microsoft SDKs\Windows\v7.0A\include\wnnc.h
         Note: including file:  c:\Program Files (x86)\Microsoft SDKs\Windows\v7.0A\include\cderr.h
         Note: including file:  c:\Program Files (x86)\Microsoft SDKs\Windows\v7.0A\include\dde.h
         Note: including file:  c:\Program Files (x86)\Microsoft SDKs\Windows\v7.0A\include\ddeml.h
         Note: including file:  c:\Program Files (x86)\Microsoft SDKs\Windows\v7.0A\include\dlgs.h
         Note: including file:  c:\Program Files (x86)\Microsoft SDKs\Windows\v7.0A\include\lzexpand.h
         Note: including file:  c:\Program Files (x86)\Microsoft SDKs\Windows\v7.0A\include\mmsystem.h
         Note: including file:   c:\Program Files (x86)\Microsoft SDKs\Windows\v7.0A\include\pshpack1.h
         Note: including file:   c:\Program Files (x86)\Microsoft SDKs\Windows\v7.0A\include\poppack.h
         Note: including file:  c:\Program Files (x86)\Microsoft SDKs\Windows\v7.0A\include\nb30.h
         Note: including file:  c:\Program Files (x86)\Microsoft SDKs\Windows\v7.0A\include\rpc.h
         Note: including file:   c:\Program Files (x86)\Microsoft SDKs\Windows\v7.0A\include\rpcdce.h
         Note: including file:    c:\Program Files (x86)\Microsoft SDKs\Windows\v7.0A\include\rpcdcep.h
         Note: including file:   c:\Program Files (x86)\Microsoft SDKs\Windows\v7.0A\include\rpcnsi.h
         Note: including file:   c:\Program Files (x86)\Microsoft SDKs\Windows\v7.0A\include\rpcnterr.h
         Note: including file:   c:\Program Files (x86)\Microsoft SDKs\Windows\v7.0A\include\rpcasync.h
         Note: including file:  c:\Program Files (x86)\Microsoft SDKs\Windows\v7.0A\include\shellapi.h
         Note: including file:   c:\Program Files (x86)\Microsoft SDKs\Windows\v7.0A\include\pshpack1.h
         Note: including file:   c:\Program Files (x86)\Microsoft SDKs\Windows\v7.0A\include\poppack.h
         Note: including file:  c:\Program Files (x86)\Microsoft SDKs\Windows\v7.0A\include\winperf.h
         Note: including file:   c:\Program Files (x86)\Microsoft SDKs\Windows\v7.0A\include\pshpack8.h
         Note: including file:   c:\Program Files (x86)\Microsoft SDKs\Windows\v7.0A\include\poppack.h
         Note: including file:  c:\Program Files (x86)\Microsoft SDKs\Windows\v7.0A\include\winsock.h
         Note: including file:   c:\Program Files (x86)\Microsoft SDKs\Windows\v7.0A\include\inaddr.h
         Note: including file:  c:\Program Files (x86)\Microsoft SDKs\Windows\v7.0A\include\wincrypt.h
         Note: including file:   c:\Program Files (x86)\Microsoft SDKs\Windows\v7.0A\include\bcrypt.h
         Note: including file:   c:\Program Files (x86)\Microsoft SDKs\Windows\v7.0A\include\ncrypt.h
         Note: including file:    c:\Program Files (x86)\Microsoft SDKs\Windows\v7.0A\include\bcrypt.h
         Note: including file:  c:\Program Files (x86)\Microsoft SDKs\Windows\v7.0A\include\winefs.h
         Note: including file:  c:\Program Files (x86)\Microsoft SDKs\Windows\v7.0A\include\winscard.h
         Note: including file:   c:\Program Files (x86)\Microsoft SDKs\Windows\v7.0A\include\wtypes.h
         Note: including file:    c:\program files (x86)\microsoft sdks\windows\v7.0a\include\rpcndr.h
         Note: including file:     c:\Program Files (x86)\Microsoft SDKs\Windows\v7.0A\include\pshpack8.h
         Note: including file:     c:\Program Files (x86)\Microsoft SDKs\Windows\v7.0A\include\rpcnsip.h
         Note: including file:     c:\Program Files (x86)\Microsoft SDKs\Windows\v7.0A\include\rpcsal.h
         Note: including file:     c:\Program Files (x86)\Microsoft SDKs\Windows\v7.0A\include\poppack.h
         Note: including file:    c:\program files (x86)\microsoft sdks\windows\v7.0a\include\guiddef.h
         Note: including file:   c:\Program Files (x86)\Microsoft SDKs\Windows\v7.0A\include\winioctl.h
         Note: including file:    c:\Program Files (x86)\Microsoft SDKs\Windows\v7.0A\include\pshpack1.h
         Note: including file:    c:\Program Files (x86)\Microsoft SDKs\Windows\v7.0A\include\poppack.h
         Note: including file:    c:\Program Files (x86)\Microsoft SDKs\Windows\v7.0A\include\pshpack1.h
         Note: including file:    c:\Program Files (x86)\Microsoft SDKs\Windows\v7.0A\include\poppack.h
         Note: including file:    c:\Program Files (x86)\Microsoft SDKs\Windows\v7.0A\include\pshpack1.h
         Note: including file:    c:\Program Files (x86)\Microsoft SDKs\Windows\v7.0A\include\poppack.h
         Note: including file:    c:\Program Files (x86)\Microsoft SDKs\Windows\v7.0A\include\pshpack1.h
         Note: including file:    c:\Program Files (x86)\Microsoft SDKs\Windows\v7.0A\include\poppack.h
         Note: including file:    c:\Program Files (x86)\Microsoft SDKs\Windows\v7.0A\include\pshpack1.h
         Note: including file:    c:\Program Files (x86)\Microsoft SDKs\Windows\v7.0A\include\poppack.h
         Note: including file:    c:\Program Files (x86)\Microsoft SDKs\Windows\v7.0A\include\pshpack1.h
         Note: including file:    c:\Program Files (x86)\Microsoft SDKs\Windows\v7.0A\include\poppack.h
         Note: including file:   c:\program files (x86)\microsoft sdks\windows\v7.0a\include\winsmcrd.h
         Note: including file:  c:\Program Files (x86)\Microsoft SDKs\Windows\v7.0A\include\winspool.h
         Note: including file:   c:\Program Files (x86)\Microsoft SDKs\Windows\v7.0A\include\prsht.h
         Note: including file:    c:\Program Files (x86)\Microsoft SDKs\Windows\v7.0A\include\pshpack4.h
         Note: including file:    c:\Program Files (x86)\Microsoft SDKs\Windows\v7.0A\include\poppack.h
         Note: including file:  c:\Program Files (x86)\Microsoft SDKs\Windows\v7.0A\include\ole2.h
         Note: including file:   c:\Program Files (x86)\Microsoft SDKs\Windows\v7.0A\include\pshpack8.h
         Note: including file:   c:\Program Files (x86)\Microsoft SDKs\Windows\v7.0A\include\objbase.h
         Note: including file:    c:\Program Files (x86)\Microsoft SDKs\Windows\v7.0A\include\pshpack8.h
         Note: including file:    c:\Program Files (x86)\Microsoft Visual Studio 10.0\VC\include\stdlib.h
         Note: including file:     c:\Program Files (x86)\Microsoft Visual Studio 10.0\VC\include\crtdefs.h
         Note: including file:     c:\Program Files (x86)\Microsoft Visual Studio 10.0\VC\include\limits.h
         Note: including file:      c:\Program Files (x86)\Microsoft Visual Studio 10.0\VC\include\crtdefs.h
         Note: including file:    c:\Program Files (x86)\Microsoft SDKs\Windows\v7.0A\include\unknwn.h
         Note: including file:    c:\Program Files (x86)\Microsoft SDKs\Windows\v7.0A\include\objidl.h
         Note: including file:    c:\Program Files (x86)\Microsoft SDKs\Windows\v7.0A\include\guiddef.h
         Note: including file:    c:\Program Files (x86)\Microsoft SDKs\Windows\v7.0A\include\cguid.h
         Note: including file:    c:\Program Files (x86)\Microsoft SDKs\Windows\v7.0A\include\urlmon.h
         Note: including file:     c:\program files (x86)\microsoft sdks\windows\v7.0a\include\oleidl.h
         Note: including file:     c:\program files (x86)\microsoft sdks\windows\v7.0a\include\servprov.h
         Note: including file:     c:\program files (x86)\microsoft sdks\windows\v7.0a\include\msxml.h
         Note: including file:      c:\program files (x86)\microsoft sdks\windows\v7.0a\include\oaidl.h
         Note: including file:    c:\Program Files (x86)\Microsoft SDKs\Windows\v7.0A\include\propidl.h
         Note: including file:    c:\Program Files (x86)\Microsoft SDKs\Windows\v7.0A\include\poppack.h
         Note: including file:   c:\Program Files (x86)\Microsoft SDKs\Windows\v7.0A\include\oleauto.h
         Note: including file:    c:\Program Files (x86)\Microsoft SDKs\Windows\v7.0A\include\pshpack8.h
         Note: including file:    c:\Program Files (x86)\Microsoft SDKs\Windows\v7.0A\include\poppack.h
         Note: including file:   c:\Program Files (x86)\Microsoft SDKs\Windows\v7.0A\include\poppack.h
         Note: including file:  c:\Program Files (x86)\Microsoft SDKs\Windows\v7.0A\include\commdlg.h
         Note: including file:   c:\Program Files (x86)\Microsoft SDKs\Windows\v7.0A\include\prsht.h
         Note: including file:   c:\Program Files (x86)\Microsoft SDKs\Windows\v7.0A\include\pshpack1.h
         Note: including file:   c:\Program Files (x86)\Microsoft SDKs\Windows\v7.0A\include\poppack.h
         Note: including file:  c:\Program Files (x86)\Microsoft SDKs\Windows\v7.0A\include\stralign.h
         Note: including file:  c:\Program Files (x86)\Microsoft SDKs\Windows\v7.0A\include\winsvc.h
         Note: including file:  c:\Program Files (x86)\Microsoft SDKs\Windows\v7.0A\include\mcx.h
         Note: including file:  c:\Program Files (x86)\Microsoft SDKs\Windows\v7.0A\include\imm.h
         Note: including file:   c:\Program Files (x86)\Microsoft SDKs\Windows\v7.0A\include\ime_cmodes.h
         Note: including file: c:\Program Files (x86)\Microsoft Visual Studio 10.0\VC\include\stdio.h
         Note: including file:  c:\Program Files (x86)\Microsoft Visual Studio 10.0\VC\include\crtdefs.h
         Note: including file:  c:\Program Files (x86)\Microsoft Visual Studio 10.0\VC\include\swprintf.inl
         Note: including file: c:\users\brann\documents\program2\cs308_program2\resource.h
       ResourceCompile:
         c:\Program Files (x86)\Microsoft SDKs\Windows\v7.0A\bin\rc.exe /l"0x0409" /nologo /fo"Debug\framework.res" framework.rc 
       Link:
         c:\Program Files (x86)\Microsoft Visual Studio 10.0\VC\bin\link.exe /ERRORREPORT:PROMPT /OUT:"C:\Users\brann\Documents\program2\Debug\cs308_program2.exe" /INCREMENTAL:NO /NOLOGO kernel32.lib user32.lib gdi32.lib winspool.lib comdlg32.lib advapi32.lib shell32.lib ole32.lib oleaut32.lib uuid.lib odbc32.lib odbccp32.lib /MANIFEST /ManifestFile:"Debug\cs308_program2.exe.intermediate.manifest" /MANIFESTUAC:"level='asInvoker' uiAccess='false'" /DEBUG /PDB:"C:\Users\brann\Documents\program2\Debug\cs308_program2.pdb" /MAP /SUBSYSTEM:WINDOWS /TLBID:1 /DYNAMICBASE:NO /IMPLIB:"C:\Users\brann\Documents\program2\Debug\cs308_program2.lib" /MACHINE:X86 Debug\framework.res
         Debug\framework.obj
         Debug\example.obj
         Debug\io.obj
     1>framework.obj : warning LNK4075: ignoring '/EDITANDCONTINUE' due to '/INCREMENTAL:NO' specification
         cs308_program2.vcxproj -> C:\Users\brann\Documents\program2\Debug\cs308_program2.exe
       Manifest:
         c:\Program Files (x86)\Microsoft SDKs\Windows\v7.0A\bin\mt.exe /nologo /verbose /outputresource:"C:\Users\brann\Documents\program2\Debug\cs308_program2.exe;#1" /manifest Debug\cs308_program2.exe.intermediate.manifest
       FinalizeBuildStatus:
         Deleting file "Debug\cs308_program2.unsuccessfulbuild".
         Touching "Debug\cs308_program2.lastbuildstate".
     1>Done Building Project "C:\Users\brann\Documents\program2\cs308_program2\cs308_program2.vcxproj" (rebuild target(s)).

Build succeeded.

Time Elapsed 00:00:02.78
