C:\Users\brann\Documents\program2\cs308_program2\Debug\cl.command.1.tlog
C:\Users\brann\Documents\program2\cs308_program2\Debug\CL.read.1.tlog
C:\Users\brann\Documents\program2\cs308_program2\Debug\CL.write.1.tlog
C:\USERS\BRANN\DOCUMENTS\PROGRAM2\CS308_PROGRAM2\DEBUG\CS308_PROGRAM2.EXE.INTERMEDIATE.MANIFEST
C:\Users\brann\Documents\program2\cs308_program2\Debug\cs308_program2.write.1.tlog
C:\Users\brann\Documents\program2\cs308_program2\Debug\example.obj
C:\USERS\BRANN\DOCUMENTS\PROGRAM2\CS308_PROGRAM2\DEBUG\FRAMEWORK.COD
C:\USERS\BRANN\DOCUMENTS\PROGRAM2\CS308_PROGRAM2\DEBUG\FRAMEWORK.OBJ
C:\USERS\BRANN\DOCUMENTS\PROGRAM2\CS308_PROGRAM2\DEBUG\FRAMEWORK.RES
C:\Users\brann\Documents\program2\cs308_program2\Debug\io.obj
C:\Users\brann\Documents\program2\cs308_program2\Debug\link.command.1.tlog
C:\Users\brann\Documents\program2\cs308_program2\Debug\link.read.1.tlog
C:\Users\brann\Documents\program2\cs308_program2\Debug\link.write.1.tlog
C:\Users\brann\Documents\program2\cs308_program2\Debug\link-cvtres.read.1.tlog
C:\Users\brann\Documents\program2\cs308_program2\Debug\link-cvtres.write.1.tlog
C:\Users\brann\Documents\program2\cs308_program2\Debug\mt.command.1.tlog
C:\Users\brann\Documents\program2\cs308_program2\Debug\mt.read.1.tlog
C:\Users\brann\Documents\program2\cs308_program2\Debug\mt.write.1.tlog
C:\Users\brann\Documents\program2\cs308_program2\Debug\rc.command.1.tlog
C:\Users\brann\Documents\program2\cs308_program2\Debug\rc.read.1.tlog
C:\Users\brann\Documents\program2\cs308_program2\Debug\rc.write.1.tlog
C:\Users\brann\Documents\program2\cs308_program2\Debug\vc100.idb
C:\USERS\BRANN\DOCUMENTS\PROGRAM2\CS308_PROGRAM2\DEBUG\VC100.PDB
C:\USERS\BRANN\DOCUMENTS\PROGRAM2\DEBUG\CS308_PROGRAM2.EXE
C:\USERS\BRANN\DOCUMENTS\PROGRAM2\DEBUG\CS308_PROGRAM2.MAP
C:\USERS\BRANN\DOCUMENTS\PROGRAM2\DEBUG\CS308_PROGRAM2.PDB
